e:\aaproduct\sf\klmac\realese\klmac_setupv1.0_0615\src\kl_mac\kl_mac\generatedfiles\debug\moc_main_widget.cpp
e:\aaproduct\sf\klmac\realese\klmac_setupv1.0_0615\src\kl_mac\kl_mac\generatedfiles\debug\moc_shadow_widget.cpp
e:\aaproduct\sf\klmac\realese\klmac_setupv1.0_0615\src\kl_mac\kl_mac\generatedfiles\debug\moc_title_widget.cpp
e:\aaproduct\sf\klmac\realese\klmac_setupv1.0_0615\src\kl_mac\kl_mac\generatedfiles\debug\moc_push_button.cpp
e:\aaproduct\sf\klmac\realese\klmac_setupv1.0_0615\src\kl_mac\kl_mac\generatedfiles\debug\moc_udp_mulcast.cpp
e:\aaproduct\sf\klmac\realese\klmac_setupv1.0_0615\src\kl_mac\kl_mac\generatedfiles\debug\moc_localwidget.cpp
e:\aaproduct\sf\klmac\realese\klmac_setupv1.0_0615\src\kl_mac\kl_mac\generatedfiles\debug\moc_powersupplybox.cpp
e:\aaproduct\sf\klmac\realese\klmac_setupv1.0_0615\src\kl_mac\kl_mac\generatedfiles\debug\moc_highvaltage.cpp
e:\aaproduct\sf\klmac\realese\klmac_setupv1.0_0615\src\kl_mac\kl_mac\generatedfiles\debug\moc_tree_sys.cpp
e:\aaproduct\sf\klmac\realese\klmac_setupv1.0_0615\src\kl_mac\kl_mac\generatedfiles\debug\moc_menu_button.cpp
e:\aaproduct\sf\klmac\realese\klmac_setupv1.0_0615\src\kl_mac\kl_mac\generatedfiles\qrc_kl_mac.cpp
e:\aaproduct\sf\klmac\realese\klmac_setupv1.0_0615\src\kl_mac\kl_mac\debug\ccrashstack.obj
e:\aaproduct\sf\klmac\realese\klmac_setupv1.0_0615\src\kl_mac\kl_mac\debug\highvaltage.obj
e:\aaproduct\sf\klmac\realese\klmac_setupv1.0_0615\src\kl_mac\kl_mac\debug\localwidget.obj
e:\aaproduct\sf\klmac\realese\klmac_setupv1.0_0615\src\kl_mac\kl_mac\debug\main.obj
e:\aaproduct\sf\klmac\realese\klmac_setupv1.0_0615\src\kl_mac\kl_mac\debug\main_widget.obj
e:\aaproduct\sf\klmac\realese\klmac_setupv1.0_0615\src\kl_mac\kl_mac\debug\menu_button.obj
e:\aaproduct\sf\klmac\realese\klmac_setupv1.0_0615\src\kl_mac\kl_mac\debug\moc_highvaltage.obj
e:\aaproduct\sf\klmac\realese\klmac_setupv1.0_0615\src\kl_mac\kl_mac\debug\moc_localwidget.obj
e:\aaproduct\sf\klmac\realese\klmac_setupv1.0_0615\src\kl_mac\kl_mac\debug\moc_main_widget.obj
e:\aaproduct\sf\klmac\realese\klmac_setupv1.0_0615\src\kl_mac\kl_mac\debug\moc_menu_button.obj
e:\aaproduct\sf\klmac\realese\klmac_setupv1.0_0615\src\kl_mac\kl_mac\debug\moc_powersupplybox.obj
e:\aaproduct\sf\klmac\realese\klmac_setupv1.0_0615\src\kl_mac\kl_mac\debug\moc_push_button.obj
e:\aaproduct\sf\klmac\realese\klmac_setupv1.0_0615\src\kl_mac\kl_mac\debug\moc_shadow_widget.obj
e:\aaproduct\sf\klmac\realese\klmac_setupv1.0_0615\src\kl_mac\kl_mac\debug\moc_title_widget.obj
e:\aaproduct\sf\klmac\realese\klmac_setupv1.0_0615\src\kl_mac\kl_mac\debug\moc_tree_sys.obj
e:\aaproduct\sf\klmac\realese\klmac_setupv1.0_0615\src\kl_mac\kl_mac\debug\moc_udp_mulcast.obj
e:\aaproduct\sf\klmac\realese\klmac_setupv1.0_0615\src\kl_mac\kl_mac\debug\powersupplybox.obj
e:\aaproduct\sf\klmac\realese\klmac_setupv1.0_0615\src\kl_mac\kl_mac\debug\push_button.obj
e:\aaproduct\sf\klmac\realese\klmac_setupv1.0_0615\src\kl_mac\kl_mac\debug\qrc_kl_mac.obj
e:\aaproduct\sf\klmac\realese\klmac_setupv1.0_0615\src\kl_mac\kl_mac\debug\shadow_widget.obj
e:\aaproduct\sf\klmac\realese\klmac_setupv1.0_0615\src\kl_mac\kl_mac\debug\title_widget.obj
e:\aaproduct\sf\klmac\realese\klmac_setupv1.0_0615\src\kl_mac\kl_mac\debug\tree_sys.obj
e:\aaproduct\sf\klmac\realese\klmac_setupv1.0_0615\src\kl_mac\kl_mac\debug\udp_mulcast.obj
e:\aaproduct\sf\klmac\realese\klmac_setupv1.0_0615\src\kl_mac\kl_mac\debug\kl_mac.res
e:\aaproduct\sf\klmac\realese\klmac_setupv1.0_0615\src\kl_mac\kl_mac\debug\vc140.pdb
e:\aaproduct\sf\klmac\realese\klmac_setupv1.0_0615\src\kl_mac\kl_mac\debug\kl_mac.tlog\cl.command.1.tlog
e:\aaproduct\sf\klmac\realese\klmac_setupv1.0_0615\src\kl_mac\kl_mac\debug\kl_mac.tlog\kl_mac.write.1u.tlog
e:\aaproduct\sf\klmac\realese\klmac_setupv1.0_0615\src\kl_mac\kl_mac\debug\kl_mac.tlog\link.command.1.tlog
e:\aaproduct\sf\klmac\realese\klmac_setupv1.0_0615\src\kl_mac\kl_mac\debug\kl_mac.tlog\rc.command.1.tlog
