e:\aaproduct\sf\klmac\realese\klmac_setupv1.0_0615\src\kl_mac\kl_mac\generatedfiles\release\moc_main_widget.cpp
e:\aaproduct\sf\klmac\realese\klmac_setupv1.0_0615\src\kl_mac\kl_mac\generatedfiles\release\moc_shadow_widget.cpp
e:\aaproduct\sf\klmac\realese\klmac_setupv1.0_0615\src\kl_mac\kl_mac\generatedfiles\release\moc_title_widget.cpp
e:\aaproduct\sf\klmac\realese\klmac_setupv1.0_0615\src\kl_mac\kl_mac\generatedfiles\release\moc_push_button.cpp
e:\aaproduct\sf\klmac\realese\klmac_setupv1.0_0615\src\kl_mac\kl_mac\generatedfiles\release\moc_udp_mulcast.cpp
e:\aaproduct\sf\klmac\realese\klmac_setupv1.0_0615\src\kl_mac\kl_mac\generatedfiles\release\moc_localwidget.cpp
e:\aaproduct\sf\klmac\realese\klmac_setupv1.0_0615\src\kl_mac\kl_mac\generatedfiles\release\moc_powersupplybox.cpp
e:\aaproduct\sf\klmac\realese\klmac_setupv1.0_0615\src\kl_mac\kl_mac\generatedfiles\release\moc_highvaltage.cpp
e:\aaproduct\sf\klmac\realese\klmac_setupv1.0_0615\src\kl_mac\kl_mac\generatedfiles\release\moc_tree_sys.cpp
e:\aaproduct\sf\klmac\realese\klmac_setupv1.0_0615\src\kl_mac\kl_mac\generatedfiles\release\moc_menu_button.cpp
e:\aaproduct\sf\klmac\realese\klmac_setupv1.0_0615\src\kl_mac\kl_mac\generatedfiles\qrc_kl_mac.cpp
e:\aaproduct\sf\klmac\realese\klmac_setupv1.0_0615\src\kl_mac\kl_mac\release\ccrashstack.obj
e:\aaproduct\sf\klmac\realese\klmac_setupv1.0_0615\src\kl_mac\kl_mac\release\highvaltage.obj
e:\aaproduct\sf\klmac\realese\klmac_setupv1.0_0615\src\kl_mac\kl_mac\release\localwidget.obj
e:\aaproduct\sf\klmac\realese\klmac_setupv1.0_0615\src\kl_mac\kl_mac\release\main.obj
e:\aaproduct\sf\klmac\realese\klmac_setupv1.0_0615\src\kl_mac\kl_mac\release\main_widget.obj
e:\aaproduct\sf\klmac\realese\klmac_setupv1.0_0615\src\kl_mac\kl_mac\release\menu_button.obj
e:\aaproduct\sf\klmac\realese\klmac_setupv1.0_0615\src\kl_mac\kl_mac\release\moc_highvaltage.obj
e:\aaproduct\sf\klmac\realese\klmac_setupv1.0_0615\src\kl_mac\kl_mac\release\moc_localwidget.obj
e:\aaproduct\sf\klmac\realese\klmac_setupv1.0_0615\src\kl_mac\kl_mac\release\moc_main_widget.obj
e:\aaproduct\sf\klmac\realese\klmac_setupv1.0_0615\src\kl_mac\kl_mac\release\moc_menu_button.obj
e:\aaproduct\sf\klmac\realese\klmac_setupv1.0_0615\src\kl_mac\kl_mac\release\moc_powersupplybox.obj
e:\aaproduct\sf\klmac\realese\klmac_setupv1.0_0615\src\kl_mac\kl_mac\release\moc_push_button.obj
e:\aaproduct\sf\klmac\realese\klmac_setupv1.0_0615\src\kl_mac\kl_mac\release\moc_shadow_widget.obj
e:\aaproduct\sf\klmac\realese\klmac_setupv1.0_0615\src\kl_mac\kl_mac\release\moc_title_widget.obj
e:\aaproduct\sf\klmac\realese\klmac_setupv1.0_0615\src\kl_mac\kl_mac\release\moc_tree_sys.obj
e:\aaproduct\sf\klmac\realese\klmac_setupv1.0_0615\src\kl_mac\kl_mac\release\moc_udp_mulcast.obj
e:\aaproduct\sf\klmac\realese\klmac_setupv1.0_0615\src\kl_mac\kl_mac\release\powersupplybox.obj
e:\aaproduct\sf\klmac\realese\klmac_setupv1.0_0615\src\kl_mac\kl_mac\release\push_button.obj
e:\aaproduct\sf\klmac\realese\klmac_setupv1.0_0615\src\kl_mac\kl_mac\release\qrc_kl_mac.obj
e:\aaproduct\sf\klmac\realese\klmac_setupv1.0_0615\src\kl_mac\kl_mac\release\shadow_widget.obj
e:\aaproduct\sf\klmac\realese\klmac_setupv1.0_0615\src\kl_mac\kl_mac\release\title_widget.obj
e:\aaproduct\sf\klmac\realese\klmac_setupv1.0_0615\src\kl_mac\kl_mac\release\tree_sys.obj
e:\aaproduct\sf\klmac\realese\klmac_setupv1.0_0615\src\kl_mac\kl_mac\release\udp_mulcast.obj
e:\aaproduct\sf\klmac\realese\klmac_setupv1.0_0615\src\kl_mac\kl_mac\release\kl_mac.res
e:\aaproduct\sf\klmac\realese\klmac_setupv1.0_0615\src\kl_mac\win32\release\kl_mac.exe
e:\aaproduct\sf\klmac\realese\klmac_setupv1.0_0615\src\kl_mac\kl_mac\release\kl_mac.tlog\cl.command.1.tlog
e:\aaproduct\sf\klmac\realese\klmac_setupv1.0_0615\src\kl_mac\kl_mac\release\kl_mac.tlog\kl_mac.write.1u.tlog
e:\aaproduct\sf\klmac\realese\klmac_setupv1.0_0615\src\kl_mac\kl_mac\release\kl_mac.tlog\link.command.1.tlog
e:\aaproduct\sf\klmac\realese\klmac_setupv1.0_0615\src\kl_mac\kl_mac\release\kl_mac.tlog\rc.command.1.tlog
