  Moc'ing main_widget.h...
  HighValtage.cpp
  LocalWidget.cpp
  main_widget.cpp
  main.cpp
  menu_button.cpp
  PowerSupplyBox.cpp
  push_button.cpp
  shadow_widget.cpp
  title_widget.cpp
  tree_sys.cpp
  udp_mulcast.cpp
  qrc_KL_MaC.cpp
  moc_HighValtage.cpp
  moc_LocalWidget.cpp
  moc_PowerSupplyBox.cpp
  moc_main_widget.cpp
  moc_menu_button.cpp
  moc_push_button.cpp
  moc_shadow_widget.cpp
  moc_title_widget.cpp
  moc_tree_sys.cpp
  moc_udp_mulcast.cpp
  KL_MaC.vcxproj -> E:\aaProduct\sf\KlMaC\src\KL_MaC\Win32\Release\KL_MaC.exe
